<?xml version="1.0" encoding="UTF-8"?>
<!-- Generated by org.testng.reporters.JUnitReportReporter -->
<testsuite hostname="BTLQAASHISHNA" failures="0" tests="2" name="TestFramework.E2EProject.HomePage" time="47.300" errors="0" timestamp="2021-05-24T01:40:41 IST" skipped="0">
  <testcase classname="TestFramework.E2EProject.HomePage" name="openBrowser" time="30.648"/>
  <system-out/>
  <testcase classname="TestFramework.E2EProject.HomePage" name="openBrowser" time="16.652"/>
  <system-out/>
</testsuite> <!-- TestFramework.E2EProject.HomePage -->
