<?xml version="1.0" encoding="UTF-8"?>
<!-- Generated by org.testng.reporters.JUnitReportReporter -->
<testsuite hostname="BTLQAASHISHNA" failures="0" tests="1" name="TestFramework.E2EProject.AppTest" time="0.006" errors="0" timestamp="2021-05-23T02:30:33 IST" skipped="0">
  <testcase classname="TestFramework.E2EProject.AppTest" name="shouldAnswerWithTrue" time="0.006"/>
  <system-out/>
</testsuite> <!-- TestFramework.E2EProject.AppTest -->
