<?xml version="1.0" encoding="UTF-8"?>
<!-- Generated by org.testng.reporters.JUnitReportReporter -->
<testsuite hostname="BTLQAASHISHNA" failures="0" tests="2" name="TestFramework.E2EProject.HomePage" time="40.794" errors="0" timestamp="2021-05-31T12:09:44 IST" skipped="0">
  <testcase classname="TestFramework.E2EProject.HomePage" name="openBrowser" time="14.625"/>
  <system-out/>
  <testcase classname="TestFramework.E2EProject.HomePage" name="openBrowser" time="26.169"/>
  <system-out/>
</testsuite> <!-- TestFramework.E2EProject.HomePage -->
